Log file open, 06/14/17 11:58:48
LogInit:Display: Running engine for game: Pinball
LogPlatformFile: Not using cached read wrapper
LogInit:Display: RandInit(2128670874) SRandInit(2128670874).
LogTaskGraph: Started task graph with 5 named threads and 8 total threads with 1 sets of task threads.
LogStats: Stats thread started at 0.083412
LogInit: Using libcurl 7.47.1
LogInit:  - built for x86_64-pc-win32
LogInit:  - supports SSL with OpenSSL/1.0.2g
LogInit:  - supports HTTP deflate (compression) using libz 1.2.8
LogInit:  - other features:
LogInit:      CURL_VERSION_SSL
LogInit:      CURL_VERSION_LIBZ
LogInit:      CURL_VERSION_IPV6
LogInit:      CURL_VERSION_ASYNCHDNS
LogInit:      CURL_VERSION_LARGEFILE
LogInit:      CURL_VERSION_IDN
LogInit:  CurlRequestOptions (configurable via config and command line):
LogInit:  - bVerifyPeer = false  - Libcurl will NOT verify peer certificate
LogInit:  - bUseHttpProxy = false  - Libcurl will NOT use HTTP proxy
LogInit:  - bDontReuseConnections = false  - Libcurl will reuse connections
LogInit:  - CertBundlePath = nullptr  - Libcurl will use whatever was configured at build time.
LogInit: Build: ++UE4+Release-4.16-CL-3466753
LogInit: Engine Version: 4.16.1-3466753+++UE4+Release-4.16
LogInit: Compatible Engine Version: 4.16.0-3452394+++UE4+Release-4.16
LogInit: Net CL: 3452394
LogDevObjectVersion: Number of dev versions registered: 16
LogDevObjectVersion:   Dev-Blueprints (B0D832E4-1F89-4F0D-ACCF-7EB736FD4AA2): 9
LogDevObjectVersion:   Dev-Build (E1C64328-A22C-4D53-A36C-8E866417BD8C): 0
LogDevObjectVersion:   Dev-Core (375EC13C-06E4-48FB-B500-84F0262A717E): 2
LogDevObjectVersion:   Dev-Editor (E4B068ED-F494-42E9-A231-DA0B2E46BB41): 17
LogDevObjectVersion:   Dev-Framework (CFFC743F-43B0-4480-9391-14DF171D2073): 23
LogDevObjectVersion:   Dev-Mobile (B02B49B5-BB20-44E9-A304-32B752E40360): 0
LogDevObjectVersion:   Dev-Networking (A4E4105C-59A1-49B5-A7C5-40C4547EDFEE): 0
LogDevObjectVersion:   Dev-Online (39C831C9-5AE6-47DC-9A44-9C173E1C8E7C): 0
LogDevObjectVersion:   Dev-Physics (78F01B33-EBEA-4F98-B9B4-84EACCB95AA2): 0
LogDevObjectVersion:   Dev-Platform (6631380F-2D4D-43E0-8009-CF276956A95A): 0
LogDevObjectVersion:   Dev-Rendering (12F88B9F-8875-4AFC-A67C-D90C383ABD29): 15
LogDevObjectVersion:   Dev-Sequencer (7B5AE74C-D270-4C10-A958-57980B212A5A): 4
LogDevObjectVersion:   Dev-VR (D7296918-1DD6-4BDD-9DE2-64A83CC13884): 0
LogDevObjectVersion:   Dev-LoadTimes (C2A15278-BFE7-4AFE-6C17-90FF531DF755): 1
LogDevObjectVersion:   Private-Geometry (6EACA3D4-40EC-4CC1-B786-8BED09428FC5): 1
LogDevObjectVersion:   Dev-AnimPhys (29E575DD-E0A3-4627-9D10-D276232CDCEA): 3
LogInit: Compiled (64-bit): May 31 2017 02:03:30
LogInit: Compiled with Visual C++: 19.00.24215.01
LogInit: Build Configuration: Development
LogInit: Branch Name: ++UE4+Release-4.16
LogInit: Command line: -EpicPortal 
LogInit: Base directory: A:/Unreal Engine Things/UE_4.16/Engine/Binaries/Win64/
LogInit: Installed Engine Build: 1
LogInit: Presizing for max 8388607 objects, including 0 objects not considered by GC, pre-allocating 0 bytes for permanent pool.
LogInit: Object subsystem initialized
[2017.06.14-18.58.48:475][  0]LogInit: Selected Device Profile: [Windows]
[2017.06.14-18.58.48:475][  0]LogInit: Applying CVar settings loaded from the selected device profile: [Windows]
[2017.06.14-18.58.48:484][  0]LogInit: Computer: DESKTOP-SSL098G
[2017.06.14-18.58.48:484][  0]LogInit: User: antma
[2017.06.14-18.58.48:484][  0]LogInit: CPU Page size=4096, Cores=4
[2017.06.14-18.58.48:484][  0]LogInit: High frequency timer resolution =3.417983 MHz
[2017.06.14-18.58.48:484][  0]LogMemory: Memory total: Physical=15.9GB (16GB approx)
[2017.06.14-18.58.48:484][  0]LogMemory: Platform Memory Stats for Windows
[2017.06.14-18.58.48:484][  0]LogMemory: Process Physical Memory: 272.67 MB used, 272.67 MB peak
[2017.06.14-18.58.48:484][  0]LogMemory: Process Virtual Memory: 262.84 MB used, 262.84 MB peak
[2017.06.14-18.58.48:484][  0]LogMemory: Physical Memory: 6136.60 MB used,  10175.40 MB free, 16312.00 MB total
[2017.06.14-18.58.48:484][  0]LogMemory: Virtual Memory: 640.51 MB used,  10175.40 MB free, 134217728.00 MB total
[2017.06.14-18.58.48:535][  0]LogInit: Using OS detected language (en-US).
[2017.06.14-18.58.48:535][  0]LogInit: Using OS detected locale (en-US).
[2017.06.14-18.58.48:538][  0]LogTextLocalizationManager: No specific localization for 'en-US' exists, so the 'en' localization will be used.
[2017.06.14-18.58.49:390][  0]LogD3D11RHI: D3D11 adapters:
[2017.06.14-18.58.49:435][  0]LogD3D11RHI:    0. 'NVIDIA GeForce GTX 1070' (Feature Level 11_0)
[2017.06.14-18.58.49:435][  0]LogD3D11RHI:       8119/0/8156 MB DedicatedVideo/DedicatedSystem/SharedSystem, Outputs:1, VendorId:0x10de
[2017.06.14-18.58.49:436][  0]LogD3D11RHI:    1. 'Microsoft Basic Render Driver' (Feature Level 11_0)
[2017.06.14-18.58.49:436][  0]LogD3D11RHI:       0/0/8156 MB DedicatedVideo/DedicatedSystem/SharedSystem, Outputs:0, VendorId:0x1414
[2017.06.14-18.58.49:436][  0]LogD3D11RHI: Chosen D3D11 Adapter: 0
[2017.06.14-18.58.49:441][  0]LogD3D11RHI: Creating new Direct3DDevice
[2017.06.14-18.58.49:441][  0]LogD3D11RHI:     GPU DeviceId: 0x1b81 (for the marketing name, search the web for "GPU Device Id")
[2017.06.14-18.58.49:441][  0]LogWindows: EnumDisplayDevices:
[2017.06.14-18.58.49:441][  0]LogWindows:    0. 'NVIDIA GeForce GTX 1070' (P:1 D:1)
[2017.06.14-18.58.49:441][  0]LogWindows:    1. 'NVIDIA GeForce GTX 1070' (P:0 D:0)
[2017.06.14-18.58.49:441][  0]LogWindows:    2. 'NVIDIA GeForce GTX 1070' (P:0 D:0)
[2017.06.14-18.58.49:442][  0]LogWindows:    3. 'NVIDIA GeForce GTX 1070' (P:0 D:0)
[2017.06.14-18.58.49:442][  0]LogWindows: DebugString: FoundDriverCount:4 
[2017.06.14-18.58.49:442][  0]LogD3D11RHI:     Adapter Name: NVIDIA GeForce GTX 1070
[2017.06.14-18.58.49:442][  0]LogD3D11RHI:   Driver Version: 382.33 (internal:22.21.13.8233, unified:382.33)
[2017.06.14-18.58.49:442][  0]LogD3D11RHI:      Driver Date: 5-17-2017
[2017.06.14-18.58.49:442][  0]LogRHI: Texture pool is 1361 MB (70% of 1945 MB)
[2017.06.14-18.58.49:464][  0]LogD3D11RHI: Async texture creation enabled
[2017.06.14-18.58.49:480][  0]LogD3D11RHI: GPU Timing Frequency: 1000.000000 (Debug: 2 2)
[2017.06.14-18.58.49:529][  0]LogShaderCompilers: Guid format shader working directory is -2 characters bigger than the processId version (C:/Users/antma/Documents/Unreal Projects/Pinball/Intermediate/Shaders/WorkingDirectory/3204/).
[2017.06.14-18.58.49:529][  0]LogShaderCompilers: Cleaned the shader compiler working directory 'C:/Users/antma/AppData/Local/Temp/UnrealShaderWorkingDir/1716960847011792CAD232A0AAE9AC71/'.
[2017.06.14-18.58.49:529][  0]LogShaderCompilers:Display: Using Local Shader Compiler.
[2017.06.14-18.58.50:744][  0]LogTemp:Display: Loaded TP AllDesktopTargetPlatform
[2017.06.14-18.58.50:778][  0]LogTemp:Display: Loaded TP MacClientTargetPlatform
[2017.06.14-18.58.50:952][  0]LogTemp:Display: Loaded TP MacNoEditorTargetPlatform
[2017.06.14-18.58.51:101][  0]LogTemp:Display: Loaded TP MacServerTargetPlatform
[2017.06.14-18.58.51:167][  0]LogTemp:Display: Loaded TP MacTargetPlatform
[2017.06.14-18.58.51:202][  0]LogTemp:Display: Loaded TP WindowsClientTargetPlatform
[2017.06.14-18.58.51:239][  0]LogTemp:Display: Loaded TP WindowsNoEditorTargetPlatform
[2017.06.14-18.58.51:290][  0]LogTemp:Display: Loaded TP WindowsServerTargetPlatform
[2017.06.14-18.58.51:331][  0]LogTemp:Display: Loaded TP WindowsTargetPlatform
[2017.06.14-18.58.51:379][  0]LogTemp:Display: Loaded TP AndroidTargetPlatform
[2017.06.14-18.58.51:412][  0]LogTemp:Display: Loaded TP Android_ASTCTargetPlatform
[2017.06.14-18.58.51:446][  0]LogTemp:Display: Loaded TP Android_ATCTargetPlatform
[2017.06.14-18.58.51:480][  0]LogTemp:Display: Loaded TP Android_DXTTargetPlatform
[2017.06.14-18.58.51:516][  0]LogTemp:Display: Loaded TP Android_ETC1TargetPlatform
[2017.06.14-18.58.51:565][  0]LogTemp:Display: Loaded TP Android_ETC2TargetPlatform
[2017.06.14-18.58.51:644][  0]LogTemp:Display: Loaded TP Android_MultiTargetPlatform
[2017.06.14-18.58.51:644][  0]LogTemp:Display: Loaded TP Android_PVRTCTargetPlatform
[2017.06.14-18.58.51:669][  0]LogTemp:Display: Loaded TP HTML5TargetPlatform
[2017.06.14-18.58.51:740][  0]LogTemp:Display: Loaded TP IOSTargetPlatform
[2017.06.14-18.58.51:761][  0]LogTemp:Display: Loaded TP TVOSTargetPlatform
[2017.06.14-18.58.51:794][  0]LogTemp:Display: Loaded TP LinuxClientTargetPlatform
[2017.06.14-18.58.51:828][  0]LogTemp:Display: Loaded TP LinuxNoEditorTargetPlatform
[2017.06.14-18.58.51:863][  0]LogTemp:Display: Loaded TP LinuxServerTargetPlatform
[2017.06.14-18.58.51:896][  0]LogTemp:Display: Loaded TP LinuxTargetPlatform
[2017.06.14-18.58.51:896][  0]LogTargetPlatformManager:Display: Building Assets For Windows
[2017.06.14-18.58.52:202][  0]LogDerivedDataCache:Display: Max Cache Size: 512 MB
[2017.06.14-18.58.52:303][  0]LogDerivedDataCache: Loaded boot cache 0.10s 90MB C:/Users/antma/AppData/Local/UnrealEngine/4.16/DerivedDataCache/Boot.ddc.
[2017.06.14-18.58.52:303][  0]LogDerivedDataCache:Display: Loaded Boot cache: C:/Users/antma/AppData/Local/UnrealEngine/4.16/DerivedDataCache/Boot.ddc
[2017.06.14-18.58.52:303][  0]LogDerivedDataCache: FDerivedDataBackendGraph:  Pak pak cache file C:/Users/antma/Documents/Unreal Projects/Pinball/DerivedDataCache/DDC.ddp not found, will not use a pak cache.
[2017.06.14-18.58.52:303][  0]LogDerivedDataCache: Unable to find inner node Pak for hierarchical cache Hierarchy.
[2017.06.14-18.58.52:304][  0]LogDerivedDataCache: FDerivedDataBackendGraph:  CompressedPak pak cache file C:/Users/antma/Documents/Unreal Projects/Pinball/DerivedDataCache/Compressed.ddp not found, will not use a pak cache.
[2017.06.14-18.58.52:304][  0]LogDerivedDataCache: Unable to find inner node CompressedPak for hierarchical cache Hierarchy.
[2017.06.14-18.58.52:319][  0]LogDerivedDataCache:Display: Pak cache opened for reading ../../../Engine/DerivedDataCache/Compressed.ddp.
[2017.06.14-18.58.52:331][  0]LogDerivedDataCache: Using Local data cache path C:/Users/antma/AppData/Local/UnrealEngine/Common/DerivedDataCache: Writable
[2017.06.14-18.58.52:339][  0]LogMaterial: Verifying Global Shaders for PCD3D_SM5
[2017.06.14-18.58.52:339][  0]LogSlate: Using Freetype 2.6.0
[2017.06.14-18.58.52:340][  0]LogSlate: SlateFontCache - WITH_FREETYPE: 1, WITH_HARFBUZZ: 1
[2017.06.14-18.58.52:340][  0]LogSlate: SlateFontCache - WITH_FREETYPE: 1, WITH_HARFBUZZ: 1
[2017.06.14-18.58.52:606][  0]LogInit: Selected Device Profile: [Windows]
[2017.06.14-18.58.52:678][  0]LogContentStreaming: Texture pool size is 0.00 MB
[2017.06.14-18.58.52:802][  0]LogMeshUtilities: Using QuadricMeshReduction for automatic static mesh reduction
[2017.06.14-18.58.52:832][  0]LogSimplygon: Simplygon DLL not present - disabling.
[2017.06.14-18.58.52:861][  0]LogMeshUtilities: Using SimplygonSwarm for distributed automatic mesh merging
[2017.06.14-18.58.52:861][  0]LogMeshUtilities: No automatic skeletal mesh reduction module available
[2017.06.14-18.58.52:861][  0]LogMeshUtilities: No automatic mesh merging module available
[2017.06.14-18.58.53:289][  0]LogNetVersion: Pinball , NetCL: 3452394, EngineNetVer: 2, GameNetVer: 0 (Checksum: 512650681)
[2017.06.14-18.58.53:338][  0]LogAssetRegistry: FAssetRegistry took 0.0248 seconds to start up
[2017.06.14-18.58.53:386][  0]LogPackageLocalizationCache: Processed 4 localized package path(s) for 2 prioritized culture(s) in 0.032628 seconds
[2017.06.14-18.58.53:392][  0]LogUObjectArray: 34194 objects as part of root set at end of initial load.
[2017.06.14-18.58.53:392][  0]LogUObjectAllocator: 7260416 out of 0 bytes used by permanent object pool.
[2017.06.14-18.58.53:392][  0]LogUObjectArray: CloseDisregardForGC: 0/0 objects in disregard for GC pool
[2017.06.14-18.58.53:435][  0]LogInit: WinSock: version 1.1 (2.2), MaxSocks=32767, MaxUdp=65467
[2017.06.14-18.58.55:274][  0]LogTcpMessaging: Initializing TcpMessaging bridge
[2017.06.14-18.58.55:307][  0]LogUdpMessaging: Initializing bridge on interface 0.0.0.0:0 to multicast group 230.0.0.1:6666.
[2017.06.14-18.58.55:665][  0]LogMaterial: Uniform references updated for custom material expression Custom.
[2017.06.14-18.58.55:929][  0]SourceControl: Info Source control is disabled
[2017.06.14-18.58.55:961][  0]SourceControl: Info Source control is disabled
[2017.06.14-18.58.55:992][  0]SourceControl: Info Source control is disabled
[2017.06.14-18.58.56:021][  0]SourceControl: Info Source control is disabled
[2017.06.14-18.58.56:448][  0]LogAndroidPermission: UAndroidPermissionCallbackProxy::GetInstance
[2017.06.14-18.58.56:828][  0]LogEngine: Initializing Engine...
[2017.06.14-18.58.56:828][  0]LogHMD: Failed to initialize OpenVR with code 110
[2017.06.14-18.58.57:023][  0]LogStats: UGameplayTagsManager::ConstructGameplayTagTree: Construct from data asset -  0.000 s
[2017.06.14-18.58.57:023][  0]LogStats: UGameplayTagsManager::ConstructGameplayTagTree: GameplayTagTreeChangedEvent.Broadcast -  0.000 s
[2017.06.14-18.58.57:110][  0]LogAIModule: Creating AISystem for world Untitled
[2017.06.14-18.58.57:119][  0]LogInit: XAudio2 using 'Speakers (High Definition Audio Device)' : 2 channels at 44.1 kHz using 16 bits per sample (channel mask 0x3)
[2017.06.14-18.58.57:131][  0]LogInit: FAudioDevice initialized.
[2017.06.14-18.58.57:182][  0]LogDerivedDataCache: Saved boot cache 0.05s 90MB C:/Users/antma/AppData/Local/UnrealEngine/4.16/DerivedDataCache/Boot.ddc.
[2017.06.14-18.58.57:202][  0]LogInit: Texture streaming: Enabled
[2017.06.14-18.58.57:262][  0]LogEngineSessionManager: EngineSessionManager initialized
[2017.06.14-18.58.57:421][  0]LogInit: Transaction tracking system initialized
[2017.06.14-18.58.57:612][  0]BlueprintLog: New page: Editor Load
[2017.06.14-18.58.58:336][  0]LocalizationService: Info Localization service is disabled
[2017.06.14-18.58.58:774][  0]LogConsoleResponse:Display: 
[2017.06.14-18.58.58:911][  0]LogFileCache: Scanning file cache for directory 'C:/Users/antma/Documents/Unreal Projects/Pinball/Content/' took 0.01s
[2017.06.14-18.58.58:911][  0]LogCook:Display: Max memory allowance for cook 16384mb min free memory 0mb
[2017.06.14-18.58.58:911][  0]LogCook:Display: Mobile HDR setting 1
[2017.06.14-18.58.59:544][  0]SourceControl: Info Source control is disabled
[2017.06.14-18.58.59:544][  0]Cmd: MAP LOAD FILE="../../../Engine/Content/Maps/Templates/Template_Default.umap" TEMPLATE=1 SHOWPROGRESS=1 FEATURELEVEL=3
[2017.06.14-18.58.59:544][  0]LightingResults: New page: Lighting Build
[2017.06.14-18.58.59:570][  0]MapCheck: New page: Map Check
[2017.06.14-18.58.59:570][  0]LightingResults: New page: Lighting Build
[2017.06.14-18.58.59:740][  0]LogAIModule: Creating AISystem for world Untitled_1
[2017.06.14-18.58.59:741][  0]LogActorComponent: RegisterComponentWithWorld: (/Temp/Untitled_1.Untitled_1:PersistentLevel.WorldSettings_1.StaticMeshComponent0) Trying to register component with IsPendingKill() == true. Aborting.
[2017.06.14-18.58.59:745][  0]LogEditorServer: Finished looking for orphan Actors (0.000 secs)
[2017.06.14-18.58.59:759][  0]Cmd: MAP CHECKDEP NOCLEARLOG
[2017.06.14-18.58.59:791][  0]MapCheck: Info Map check complete: 0 Error(s), 0 Warning(s), took 32.121ms to complete.
[2017.06.14-18.58.59:791][  0]LogFileHelpers: Loading map 'Template_Default' took 0.247
[2017.06.14-18.59.00:187][  0]LogCollectionManager: Loaded 0 collections in 0.000672 seconds
[2017.06.14-18.59.00:286][  0]LogFileCache: Scanning file cache for directory 'C:/Users/antma/Documents/Unreal Projects/Pinball/Saved/Collections/' took 0.01s
[2017.06.14-18.59.00:286][  0]LogFileCache: Scanning file cache for directory 'C:/Users/antma/Documents/Unreal Projects/Pinball/Content/Developers/antma/Collections/' took 0.01s
[2017.06.14-18.59.00:286][  0]LogFileCache: Scanning file cache for directory 'C:/Users/antma/Documents/Unreal Projects/Pinball/Content/Collections/' took 0.01s
[2017.06.14-18.59.00:286][  0]LogCollectionManager: Rebuilt the GUID cache for 0 collections in 0.000001 seconds
[2017.06.14-18.59.00:294][  0]LogContentBrowser: Native class hierarchy populated in 0.0079 seconds. Added 2329 classes and 491 folders.
[2017.06.14-18.59.00:353][  0]LogContentBrowser: Native class hierarchy updated for 'WidgetCarousel' in 0.0005 seconds. Added 0 classes and 0 folders.
[2017.06.14-18.59.00:978][  0]LogContentBrowser: Native class hierarchy updated for 'AddContentDialog' in 0.0006 seconds. Added 0 classes and 0 folders.
[2017.06.14-18.59.01:009][  0]LogContentBrowser: Native class hierarchy updated for 'SceneOutliner' in 0.0005 seconds. Added 1 classes and 2 folders.
[2017.06.14-18.59.01:254][  0]LogCrashTracker: Crashtracker disabled due to settings.
[2017.06.14-18.59.01:263][  0]LogSlate: Took 0.000241 seconds to synchronously load lazily loaded font '../../../Engine/Content/Slate/Fonts/Roboto-Regular.ttf' (155K)
[2017.06.14-18.59.01:270][  0]LogSlate: Took 0.000233 seconds to synchronously load lazily loaded font '../../../Engine/Content/Slate/Fonts/Roboto-Bold.ttf' (160K)
[2017.06.14-18.59.01:317][  0]LogSlate: Took 0.011065 seconds to synchronously load lazily loaded font '../../../Engine/Content/Editor/Slate/Fonts/FontAwesome.ttf' (139K)
[2017.06.14-18.59.01:593][  0]LogRenderer: Reallocating scene render targets to support 1208x600 NumSamples 1 (Frame:1).
[2017.06.14-18.59.02:110][  0]LogContentBrowser: Native class hierarchy updated for 'HierarchicalLODOutliner' in 0.0005 seconds. Added 1 classes and 2 folders.
[2017.06.14-18.59.02:111][  0]LogLoad: (Engine Initialization) Total time: 14.84 seconds
[2017.06.14-18.59.02:111][  0]LogLoad: (Engine Initialization) Total Blueprint compile time: 0.06 seconds
[2017.06.14-18.59.02:111][  0]LogExternalProfiler: Found external profiler: VSPerf
[2017.06.14-18.59.02:111][  0]LogExternalProfiler: Using external profiler: VSPerf
[2017.06.14-18.59.02:121][  0]LogWindowsTextInputMethodSystem:Display: IME system now deactivated.
[2017.06.14-18.59.02:122][  0]LogOcInput: OculusInput pre-init called
[2017.06.14-18.59.02:122][  0]LogHMD: Starting GearVRController plugin
[2017.06.14-18.59.02:150][  0]LogAssetRegistry: Asset discovery search completed in 8.8331 seconds
[2017.06.14-18.59.02:151][  0]LogCollectionManager: Rebuilt the object cache for 0 collections in 0.000001 seconds (found 0 objects)
[2017.06.14-18.59.02:151][  0]LogCollectionManager: Fixed up redirectors for 0 collections in 0.000018 seconds (updated 0 objects)
[2017.06.14-18.59.02:160][  0]LogContentStreaming: Texture pool size now 1000 MB
[2017.06.14-18.59.14:907][491]LogSlate: Took 0.000165 seconds to synchronously load lazily loaded font '../../../Engine/Content/Slate/Fonts/Roboto-Light.ttf' (159K)
[2017.06.14-19.01.35:180][ 35]LogSlate: Took 0.011808 seconds to synchronously load lazily loaded font '../../../Engine/Content/Slate/Fonts/Roboto-Light.ttf' (159K)
[2017.06.14-19.01.35:204][ 35]LogFactory: FactoryCreateFile: StaticMesh with FbxFactory (0 0 C:\Users\antma\Desktop\Coding Stuff\Unreal Engine Assets\PinballAssets\BallSphere.FBX)
[2017.06.14-19.01.35:306][ 35]LogFbx: ItemName: GlobalSettings, ItemCount : 1
[2017.06.14-19.01.35:306][ 35]LogFbx: ItemName: AnimationStack, ItemCount : 1
[2017.06.14-19.01.35:306][ 35]LogFbx: ItemName: AnimationLayer, ItemCount : 1
[2017.06.14-19.01.35:306][ 35]LogFbx: ItemName: Model, ItemCount : 1
[2017.06.14-19.01.35:306][ 35]LogFbx: ItemName: Geometry, ItemCount : 1
[2017.06.14-19.01.35:306][ 35]LogFbx: ItemName: Material, ItemCount : 1
[2017.06.14-19.01.35:325][ 35]LogFbx: Loading FBX Scene from C:\Users\antma\Desktop\Coding Stuff\Unreal Engine Assets\PinballAssets\BallSphere.FBX
[2017.06.14-19.01.35:344][ 35]LogFbx: FBX Scene Loaded Succesfully
[2017.06.14-19.02.51:272][ 35]LogFbx: Loading FBX Scene from C:\Users\antma\Desktop\Coding Stuff\Unreal Engine Assets\PinballAssets\BallSphere.FBX
[2017.06.14-19.02.51:278][ 35]LogFbx: FBX Scene Loaded Succesfully
[2017.06.14-19.02.51:406][ 35]LogStaticMesh: Building static mesh BallSphere...
[2017.06.14-19.02.51:460][ 35]LogStaticMesh: Built static mesh [0.13s] /Game/Assets/BallSphere.BallSphere
[2017.06.14-19.02.51:613][ 35]FBXImport:Warning: Warning No smoothing group information was found in this FBX scene.  Please make sure to enable the 'Export Smoothing Groups' option in the FBX Exporter plug-in before exporting the file.  Even for tools that don't support smoothing groups, the FBX Exporter will generate appropriate smoothing data at export-time so that correct vertex normals can be inferred while importing. 
[2017.06.14-19.04.26:575][158]LogMaterial: Missing cached shader map for material M_SimpleMetal, compiling. 
[2017.06.14-19.04.26:607][158]LogSlate: Took 0.008124 seconds to synchronously load lazily loaded font '../../../Engine/Content/Slate/Fonts/Roboto-Regular.ttf' (155K)
[2017.06.14-19.04.26:687][158]LogMaterial: Missing cached shader map for material M_SimpleMetal, compiling. 
[2017.06.14-19.04.26:749][158]LogSlate: Took 0.021364 seconds to synchronously load lazily loaded font '../../../Engine/Content/Editor/Slate/Fonts/Roboto-BoldCondensed.ttf' (158K)
[2017.06.14-19.04.29:160][337]MaterialEditorStats: Info Base pass shader: 78 instructions
[2017.06.14-19.04.29:160][337]MaterialEditorStats: Info Vertex shader: 29 instructions
[2017.06.14-19.04.29:160][337]MaterialEditorStats: Info Texture samplers: 1/16
[2017.06.14-19.04.36:318][160]LogMaterial: Missing cached shader map for material M_SimpleMetal, compiling. 
[2017.06.14-19.04.37:188][250]MaterialEditorStats: Info Base pass shader: 78 instructions
[2017.06.14-19.04.37:188][250]MaterialEditorStats: Info Vertex shader: 29 instructions
[2017.06.14-19.04.37:188][250]MaterialEditorStats: Info Texture samplers: 1/16
[2017.06.14-19.04.40:575][650]LogMaterial: Missing cached shader map for material M_SimpleMetal, compiling. 
[2017.06.14-19.04.41:466][745]MaterialEditorStats: Info Base pass shader: 78 instructions
[2017.06.14-19.04.41:466][745]MaterialEditorStats: Info Vertex shader: 29 instructions
[2017.06.14-19.04.41:466][745]MaterialEditorStats: Info Texture samplers: 1/16
[2017.06.14-19.04.43:977][ 36]LogMaterial: Missing cached shader map for material M_SimpleMetal, compiling. 
[2017.06.14-19.04.44:846][127]MaterialEditorStats: Info Base pass shader: 78 instructions
[2017.06.14-19.04.44:846][127]MaterialEditorStats: Info Vertex shader: 29 instructions
[2017.06.14-19.04.44:846][127]MaterialEditorStats: Info Texture samplers: 1/16
[2017.06.14-19.04.48:747][431]LogMaterial: Missing cached shader map for material M_SimpleMetal, compiling. 
[2017.06.14-19.04.49:606][520]MaterialEditorStats: Info Base pass shader: 78 instructions
[2017.06.14-19.04.49:606][520]MaterialEditorStats: Info Vertex shader: 29 instructions
[2017.06.14-19.04.49:606][520]MaterialEditorStats: Info Texture samplers: 1/16
[2017.06.14-19.05.08:984][246]LogMaterial: Missing cached shader map for material M_SimpleMetal, compiling. 
[2017.06.14-19.05.09:878][340]MaterialEditorStats: Info Base pass shader: 78 instructions
[2017.06.14-19.05.09:878][340]MaterialEditorStats: Info Vertex shader: 29 instructions
[2017.06.14-19.05.09:878][340]MaterialEditorStats: Info Texture samplers: 1/16
[2017.06.14-19.05.12:701][675]LogMaterial: Missing cached shader map for material M_SimpleMetal, compiling. 
[2017.06.14-19.05.13:584][771]MaterialEditorStats: Info Base pass shader: 83 instructions
[2017.06.14-19.05.13:584][771]MaterialEditorStats: Info Vertex shader: 29 instructions
[2017.06.14-19.05.13:584][771]MaterialEditorStats: Info Texture samplers: 1/16
[2017.06.14-19.07.33:049][104]LogMaterial: Missing cached shader map for material M_SimpleMetal, compiling. 
[2017.06.14-19.07.33:072][104]LogMaterial: Missing cached shader map for material FMatExpressionPreview MaterialExpressionVectorParameter_0, compiling. 
[2017.06.14-19.07.33:121][105]LogSlate: Took 0.011064 seconds to synchronously load lazily loaded font '../../../Engine/Content/Editor/Slate/Fonts/Roboto-Italic.ttf' (157K)
[2017.06.14-19.07.34:199][219]MaterialEditorStats: Info Base pass shader: 83 instructions
[2017.06.14-19.07.34:199][219]MaterialEditorStats: Info Vertex shader: 29 instructions
[2017.06.14-19.07.34:199][219]MaterialEditorStats: Info Texture samplers: 1/16
[2017.06.14-19.07.40:266][940]LogMaterial: Missing cached shader map for material M_SimpleMetal, compiling. 
[2017.06.14-19.07.40:278][940]LogMaterial: Missing cached shader map for material FMatExpressionPreview MaterialExpressionVectorParameter_0, compiling. 
[2017.06.14-19.07.41:256][ 37]MaterialEditorStats: Info Base pass shader: 85 instructions
[2017.06.14-19.07.41:256][ 37]MaterialEditorStats: Info Vertex shader: 29 instructions
[2017.06.14-19.07.41:256][ 37]MaterialEditorStats: Info Texture samplers: 1/16
[2017.06.14-19.07.59:545][221]LogMaterial: Missing cached shader map for material FMatExpressionPreview MaterialExpressionVectorParameter_0, compiling. 
[2017.06.14-19.07.59:687][233]LogMaterial: Missing cached shader map for material FMatExpressionPreview MaterialExpressionVectorParameter_0, compiling. 
[2017.06.14-19.07.59:791][233]LogMaterial: Missing cached shader map for material FMatExpressionPreview MaterialExpressionVectorParameter_0, compiling. 
[2017.06.14-19.08.01:796][466]LogMaterial: Missing cached shader map for material FMatExpressionPreview MaterialExpressionVectorParameter_0, compiling. 
[2017.06.14-19.08.01:893][466]LogMaterial: Missing cached shader map for material M_SimpleMetal, compiling. 
[2017.06.14-19.08.01:950][466]LogMaterial: Missing cached shader map for material FMatExpressionPreview MaterialExpressionVectorParameter_0, compiling. 
[2017.06.14-19.08.02:836][545]MaterialEditorStats: Info Base pass shader: 85 instructions
[2017.06.14-19.08.02:836][545]MaterialEditorStats: Info Vertex shader: 29 instructions
[2017.06.14-19.08.02:836][545]MaterialEditorStats: Info Texture samplers: 1/16
[2017.06.14-19.08.11:929][632]LogMaterialEditor: Saving and Compiling material M_SimpleMetal
[2017.06.14-19.08.13:618][632]LogMaterial: Missing cached shader map for material M_SimpleMetal, compiling. 
[2017.06.14-19.08.13:655][632]LogMaterial: Missing cached shader map for material M_SimpleMetal, compiling. 
[2017.06.14-19.08.13:735][632]LogMaterial: Missing cached shader map for material M_SimpleMetal, compiling. 
[2017.06.14-19.08.13:788][632]LogMaterial: Missing cached shader map for material FDebugViewModeMaterialProxy M_SimpleMetal, compiling. 
[2017.06.14-19.08.14:331][632]TextureStreamingBuild:Display: Compiling optional shaders took 0.556 seconds.
[2017.06.14-19.08.15:851][632]Cmd: OBJ SAVEPACKAGE PACKAGE="/Game/Assets/M_SimpleMetal" FILE="C:/Users/antma/Documents/Unreal Projects/Pinball/Content/Assets/M_SimpleMetal.uasset" SILENT=true
[2017.06.14-19.08.15:951][632]LogSavePackage: Save=93.03ms
[2017.06.14-19.08.15:951][632]LogSavePackage: Moving 'C:/Users/antma/Documents/Unreal Projects/Pinball/Saved/M_SimpleMetalCF8133454F165CECE048DC8E621CA60C.tmp' to 'C:/Users/antma/Documents/Unreal Projects/Pinball/Content/Assets/M_SimpleMetal.uasset'
[2017.06.14-19.08.15:954][632]LogSavePackage:Display: Finished SavePackage C:/Users/antma/Documents/Unreal Projects/Pinball/Content/Assets/M_SimpleMetal.uasset
[2017.06.14-19.08.15:965][632]MaterialEditorStats: Info Base pass shader: 85 instructions
[2017.06.14-19.08.15:965][632]MaterialEditorStats: Info Vertex shader: 29 instructions
[2017.06.14-19.08.15:965][632]MaterialEditorStats: Info Texture samplers: 2/16
[2017.06.14-19.08.54:005][747]LogSlate: Took 0.006783 seconds to synchronously load lazily loaded font '../../../Engine/Content/Slate/Fonts/Roboto-Light.ttf' (159K)
[2017.06.14-19.09.02:681][774]LogFileHelpers: Editor autosave (incl. sublevels) for '/Temp/Untitled_1' took 0.009
[2017.06.14-19.09.02:683][774]OBJ SavePackage: Generating thumbnails for [1] asset(s) in package [/Game/Assets/BallSphere] ([1] browsable assets)...
[2017.06.14-19.09.02:720][774]OBJ SavePackage:     Rendered thumbnail for [StaticMesh /Game/Assets/BallSphere.BallSphere]
[2017.06.14-19.09.02:721][774]OBJ SavePackage: Finished generating thumbnails for package [/Game/Assets/BallSphere]
[2017.06.14-19.09.02:721][774]Cmd: OBJ SAVEPACKAGE PACKAGE="/Game/Assets/BallSphere" FILE="C:/Users/antma/Documents/Unreal Projects/Pinball/Saved/Autosaves/Game/Assets/BallSphere_Auto1.uasset" SILENT=false AUTOSAVING=true
[2017.06.14-19.09.02:734][774]LogSavePackage: Save=12.40ms
[2017.06.14-19.09.02:734][774]LogSavePackage: Moving 'C:/Users/antma/Documents/Unreal Projects/Pinball/Saved/BallSphere_Auto16B04729345C14DF1A1C8A28DF5274E75.tmp' to 'C:/Users/antma/Documents/Unreal Projects/Pinball/Saved/Autosaves/Game/Assets/BallSphere_Auto1.uasset'
[2017.06.14-19.09.02:735][774]LogSavePackage:Display: Finished SavePackage C:/Users/antma/Documents/Unreal Projects/Pinball/Saved/Autosaves/Game/Assets/BallSphere_Auto1.uasset
[2017.06.14-19.09.02:735][774]LogFileHelpers: Auto-saving content packages took 0.053
[2017.06.14-19.09.13:344][920]LogRenderer: Reallocating scene render targets to support 1432x964 NumSamples 1 (Frame:218).
[2017.06.14-19.09.49:843][493]LogEditorTransaction: Undo Create Sphere Collision
[2017.06.14-19.10.24:034][  1]Cmd: OBJ SAVEPACKAGE PACKAGE="/Game/Assets/BallSphere" FILE="C:/Users/antma/Documents/Unreal Projects/Pinball/Content/Assets/BallSphere.uasset" SILENT=true
[2017.06.14-19.10.24:048][  1]LogSavePackage: Save=12.48ms
[2017.06.14-19.10.24:048][  1]LogSavePackage: Moving 'C:/Users/antma/Documents/Unreal Projects/Pinball/Saved/BallSphere13C7A8C84CF7237D059DCD9945D654D7.tmp' to 'C:/Users/antma/Documents/Unreal Projects/Pinball/Content/Assets/BallSphere.uasset'
[2017.06.14-19.10.24:050][  1]LogSavePackage:Display: Finished SavePackage C:/Users/antma/Documents/Unreal Projects/Pinball/Content/Assets/BallSphere.uasset
[2017.06.14-19.10.26:785][325]LogActorFactory: Actor Factory created BallSphere
[2017.06.14-19.10.27:214][368]LogActorFactory: Actor Factory created BallSphere
[2017.06.14-19.12.54:271][859]LogTemp: Repeting last play command: Selected Viewport
[2017.06.14-19.12.54:355][859]LogPlayLevel: PlayLevel: No blueprints needed recompiling
[2017.06.14-19.12.54:401][859]PIE: New page: PIE session: Untitled_1 (Jun 14, 2017, 5:12:54 AM)
[2017.06.14-19.12.54:411][859]LogPlayLevel: Creating play world package: /Temp/UEDPIE_0_Untitled_1
[2017.06.14-19.12.54:422][859]LogPlayLevel: PIE: StaticDuplicateObject took: (0.011271s)
[2017.06.14-19.12.54:422][859]LogAIModule: Creating AISystem for world Untitled_1
[2017.06.14-19.12.54:422][859]LogPlayLevel: PIE: World Init took: (0.000762s)
[2017.06.14-19.12.54:427][859]LogPlayLevel: PIE: Created PIE world by copying editor world from /Temp/Untitled_1.Untitled_1 to /Temp/UEDPIE_0_Untitled_1.Untitled_1 (0.016721s)
[2017.06.14-19.12.54:454][859]LogInit: XAudio2 using 'Speakers (High Definition Audio Device)' : 2 channels at 44.1 kHz using 16 bits per sample (channel mask 0x3)
[2017.06.14-19.12.54:461][859]LogInit: FAudioDevice initialized.
[2017.06.14-19.12.54:511][859]LogLoad: Game class is 'GameModeBase'
[2017.06.14-19.12.54:543][859]LogWorld: Bringing World /Temp/UEDPIE_0_Untitled_1.Untitled_1 up for play (max tick rate 0) at 2017.06.14-12.12.54
[2017.06.14-19.12.54:543][859]LogWorld: Bringing up level for play took: 0.001215
[2017.06.14-19.12.54:620][859]LogContentBrowser: Native class hierarchy updated for 'MovieSceneCapture' in 0.0006 seconds. Added 11 classes and 0 folders.
[2017.06.14-19.12.54:622][859]PIE: Info Play in editor start time for /Temp/UEDPIE_0_Untitled_1 0.416
[2017.06.14-19.13.06:865][276]LogEditorViewport: Clicking on Actor (LMB): StaticMeshActor (BallSphere)
[2017.06.14-19.13.07:657][368]Cmd: DELETE
[2017.06.14-19.13.07:657][368]Cmd: ACTOR DELETE
[2017.06.14-19.13.07:730][368]LogEditorActor: Deleted Actor: StaticMeshActor
[2017.06.14-19.13.07:738][368]LogEditorActor: Deleted 1 Actors (0.008 secs)
[2017.06.14-19.13.19:607][534]LogContentBrowser: Native class hierarchy updated for 'BlueprintGraph' in 0.0008 seconds. Added 112 classes and 0 folders.
[2017.06.14-19.15.10:092][475]Cmd: OBJ SAVEPACKAGE PACKAGE="/Game/Blueprints/BP_Ball" FILE="C:/Users/antma/Documents/Unreal Projects/Pinball/Content/Blueprints/BP_Ball.uasset" SILENT=true
[2017.06.14-19.15.10:173][475]LogSavePackage: Save=47.75ms
[2017.06.14-19.15.10:173][475]LogSavePackage: Moving 'C:/Users/antma/Documents/Unreal Projects/Pinball/Saved/BP_Ball4C697BE642321FFE8C585E9785AF3883.tmp' to 'C:/Users/antma/Documents/Unreal Projects/Pinball/Content/Blueprints/BP_Ball.uasset'
[2017.06.14-19.15.10:175][475]LogSavePackage:Display: Finished SavePackage C:/Users/antma/Documents/Unreal Projects/Pinball/Content/Blueprints/BP_Ball.uasset
[2017.06.14-19.15.29:775][778]LogTemp: Repeting last play command: Selected Viewport
[2017.06.14-19.15.29:784][778]BlueprintLog: New page: Pre-Play auto-recompile
[2017.06.14-19.15.29:784][778]LogPlayLevel: [PlayLevel] Compiling BP_Ball before play...
[2017.06.14-19.15.30:131][778]LogPlayLevel: PlayLevel: Blueprint regeneration took 346 ms (1 blueprints)
[2017.06.14-19.15.30:131][778]PIE: New page: PIE session: Untitled_1 (Jun 14, 2017, 5:15:30 AM)
[2017.06.14-19.15.30:131][778]LogPlayLevel: Creating play world package: /Temp/UEDPIE_0_Untitled_1
[2017.06.14-19.15.30:133][778]LogPlayLevel: PIE: StaticDuplicateObject took: (0.001994s)
[2017.06.14-19.15.30:134][778]LogAIModule: Creating AISystem for world Untitled_1
[2017.06.14-19.15.30:134][778]LogPlayLevel: PIE: World Init took: (0.000988s)
[2017.06.14-19.15.30:134][778]LogPlayLevel: PIE: Created PIE world by copying editor world from /Temp/Untitled_1.Untitled_1 to /Temp/UEDPIE_0_Untitled_1.Untitled_1 (0.003203s)
[2017.06.14-19.15.30:152][778]LogInit: XAudio2 using 'Speakers (High Definition Audio Device)' : 2 channels at 44.1 kHz using 16 bits per sample (channel mask 0x3)
[2017.06.14-19.15.30:159][778]LogInit: FAudioDevice initialized.
[2017.06.14-19.15.30:193][778]LogLoad: Game class is 'GameModeBase'
[2017.06.14-19.15.30:196][778]LogWorld: Bringing World /Temp/UEDPIE_0_Untitled_1.Untitled_1 up for play (max tick rate 0) at 2017.06.14-12.15.30
[2017.06.14-19.15.30:196][778]LogWorld: Bringing up level for play took: 0.001327
[2017.06.14-19.15.30:197][778]PIE: Info Play in editor start time for /Temp/UEDPIE_0_Untitled_1 -0.009
[2017.06.14-19.15.42:216][153]Cmd: OBJ SAVEPACKAGE PACKAGE="/Game/Blueprints/BP_Ball" FILE="C:/Users/antma/Documents/Unreal Projects/Pinball/Content/Blueprints/BP_Ball.uasset" SILENT=true
[2017.06.14-19.15.42:296][153]LogSavePackage: Save=73.60ms
[2017.06.14-19.15.42:296][153]LogSavePackage: Moving 'C:/Users/antma/Documents/Unreal Projects/Pinball/Saved/BP_Ball7A57C3904E02D17C67CC728C20C73523.tmp' to 'C:/Users/antma/Documents/Unreal Projects/Pinball/Content/Blueprints/BP_Ball.uasset'
[2017.06.14-19.15.42:299][153]LogSavePackage:Display: Finished SavePackage C:/Users/antma/Documents/Unreal Projects/Pinball/Content/Blueprints/BP_Ball.uasset
[2017.06.14-19.15.47:904][818]LogEditorViewport: Clicking on Actor (LMB): BP_Ball_C (BP_Ball)
[2017.06.14-19.15.50:364][111]Cmd: DELETE
[2017.06.14-19.15.50:364][111]Cmd: ACTOR DELETE
[2017.06.14-19.15.50:364][111]LogEditorActor: Deleted Actor: BP_Ball_C
[2017.06.14-19.15.50:382][111]LogEditorActor: Deleted 1 Actors (0.018 secs)
[2017.06.14-19.16.01:571][373]LogTemp: Repeting last play command: Selected Viewport
[2017.06.14-19.16.01:588][373]BlueprintLog: New page: Pre-Play auto-recompile
[2017.06.14-19.16.01:588][373]LogPlayLevel: [PlayLevel] Compiling BP_Ball before play...
[2017.06.14-19.16.01:668][373]LogPlayLevel: PlayLevel: Blueprint regeneration took 79 ms (1 blueprints)
[2017.06.14-19.16.01:668][373]PIE: New page: PIE session: Untitled_1 (Jun 14, 2017, 5:16:01 AM)
[2017.06.14-19.16.01:668][373]LogPlayLevel: Creating play world package: /Temp/UEDPIE_0_Untitled_1
[2017.06.14-19.16.01:670][373]LogPlayLevel: PIE: StaticDuplicateObject took: (0.001911s)
[2017.06.14-19.16.01:671][373]LogAIModule: Creating AISystem for world Untitled_1
[2017.06.14-19.16.01:671][373]LogPlayLevel: PIE: World Init took: (0.000992s)
[2017.06.14-19.16.01:671][373]LogPlayLevel: PIE: Created PIE world by copying editor world from /Temp/Untitled_1.Untitled_1 to /Temp/UEDPIE_0_Untitled_1.Untitled_1 (0.003056s)
[2017.06.14-19.16.01:689][373]LogInit: XAudio2 using 'Speakers (High Definition Audio Device)' : 2 channels at 44.1 kHz using 16 bits per sample (channel mask 0x3)
[2017.06.14-19.16.01:696][373]LogInit: FAudioDevice initialized.
[2017.06.14-19.16.01:731][373]LogLoad: Game class is 'GameModeBase'
[2017.06.14-19.16.01:733][373]LogWorld: Bringing World /Temp/UEDPIE_0_Untitled_1.Untitled_1 up for play (max tick rate 0) at 2017.06.14-12.16.01
[2017.06.14-19.16.01:733][373]LogWorld: Bringing up level for play took: 0.001054
[2017.06.14-19.16.01:734][373]PIE: Info Play in editor start time for /Temp/UEDPIE_0_Untitled_1 -0.471
[2017.06.14-19.16.09:911][316]LogEditorViewport: Clicking on Actor (LMB): BP_Ball_C (BP_Ball)
[2017.06.14-19.16.11:786][536]LogTemp: Repeting last play command: Selected Viewport
[2017.06.14-19.16.11:793][536]LogPlayLevel: PlayLevel: No blueprints needed recompiling
[2017.06.14-19.16.11:793][536]PIE: New page: PIE session: Untitled_1 (Jun 14, 2017, 5:16:11 AM)
[2017.06.14-19.16.11:793][536]LogPlayLevel: Creating play world package: /Temp/UEDPIE_0_Untitled_1
[2017.06.14-19.16.11:795][536]LogPlayLevel: PIE: StaticDuplicateObject took: (0.001667s)
[2017.06.14-19.16.11:795][536]LogAIModule: Creating AISystem for world Untitled_1
[2017.06.14-19.16.11:796][536]LogPlayLevel: PIE: World Init took: (0.000683s)
[2017.06.14-19.16.11:796][536]LogPlayLevel: PIE: Created PIE world by copying editor world from /Temp/Untitled_1.Untitled_1 to /Temp/UEDPIE_0_Untitled_1.Untitled_1 (0.002521s)
[2017.06.14-19.16.11:815][536]LogInit: XAudio2 using 'Speakers (High Definition Audio Device)' : 2 channels at 44.1 kHz using 16 bits per sample (channel mask 0x3)
[2017.06.14-19.16.11:821][536]LogInit: FAudioDevice initialized.
[2017.06.14-19.16.11:854][536]LogLoad: Game class is 'GameModeBase'
[2017.06.14-19.16.11:857][536]LogWorld: Bringing World /Temp/UEDPIE_0_Untitled_1.Untitled_1 up for play (max tick rate 0) at 2017.06.14-12.16.11
[2017.06.14-19.16.11:857][536]LogWorld: Bringing up level for play took: 0.001171
[2017.06.14-19.16.11:858][536]PIE: Info Play in editor start time for /Temp/UEDPIE_0_Untitled_1 -0.348
[2017.06.14-19.19.32:820][ 35]Cmd: OBJ SAVEPACKAGE PACKAGE="/Game/Blueprints/BP_Ball" FILE="C:/Users/antma/Documents/Unreal Projects/Pinball/Content/Blueprints/BP_Ball.uasset" SILENT=true
[2017.06.14-19.19.32:841][ 35]LogSavePackage: Save=19.10ms
[2017.06.14-19.19.32:841][ 35]LogSavePackage: Moving 'C:/Users/antma/Documents/Unreal Projects/Pinball/Saved/BP_Ball06821E8E4DFC0528CD59E2BE88AFAE61.tmp' to 'C:/Users/antma/Documents/Unreal Projects/Pinball/Content/Blueprints/BP_Ball.uasset'
[2017.06.14-19.19.32:844][ 35]LogSavePackage:Display: Finished SavePackage C:/Users/antma/Documents/Unreal Projects/Pinball/Content/Blueprints/BP_Ball.uasset
[2017.06.14-19.19.58:335][239]Cmd: OBJ SAVEPACKAGE PACKAGE="/Temp/Untitled_1" FILE="C:/Users/antma/Documents/Unreal Projects/Pinball/Saved/Autosaves/Temp/Untitled_1_Auto2.umap" SILENT=true AUTOSAVING=true KEEPDIRTY=false
[2017.06.14-19.19.58:372][239]LogSavePackage: Save=36.21ms
[2017.06.14-19.19.58:372][239]LogSavePackage: Moving 'C:/Users/antma/Documents/Unreal Projects/Pinball/Saved/Untitled_1_Auto2F5F19CD645BA684124127AA4CE55BD66.tmp' to 'C:/Users/antma/Documents/Unreal Projects/Pinball/Saved/Autosaves/Temp/Untitled_1_Auto2.umap'
[2017.06.14-19.19.58:373][239]LogSavePackage:Display: Finished SavePackage C:/Users/antma/Documents/Unreal Projects/Pinball/Saved/Autosaves/Temp/Untitled_1_Auto2.umap
[2017.06.14-19.19.58:377][239]LogFileHelpers: Editor autosave (incl. sublevels) for '/Temp/Untitled_1' took 0.081
[2017.06.14-19.19.58:377][239]LogFileHelpers: Editor autosave (incl. sublevels) for all levels took 0.081
[2017.06.14-20.08.13:536][118]LogSlate: Took 0.012272 seconds to synchronously load lazily loaded font '../../../Engine/Content/Editor/Slate/Fonts/Roboto-BoldCondensedItalic.ttf' (160K)
[2017.06.14-20.08.16:487][470]BlueprintLog: New page: Compile BP_Ball
[2017.06.14-20.08.43:079][736]Cmd: OBJ SAVEPACKAGE PACKAGE="/Temp/Untitled_1" FILE="C:/Users/antma/Documents/Unreal Projects/Pinball/Saved/Autosaves/Temp/Untitled_1_Auto3.umap" SILENT=true AUTOSAVING=true KEEPDIRTY=false
[2017.06.14-20.08.43:109][736]LogSavePackage: Save=30.22ms
[2017.06.14-20.08.43:109][736]LogSavePackage: Moving 'C:/Users/antma/Documents/Unreal Projects/Pinball/Saved/Untitled_1_Auto3C2714734461362F7EC63F1B5BDE3D206.tmp' to 'C:/Users/antma/Documents/Unreal Projects/Pinball/Saved/Autosaves/Temp/Untitled_1_Auto3.umap'
[2017.06.14-20.08.43:110][736]LogSavePackage:Display: Finished SavePackage C:/Users/antma/Documents/Unreal Projects/Pinball/Saved/Autosaves/Temp/Untitled_1_Auto3.umap
[2017.06.14-20.08.43:112][736]LogFileHelpers: Editor autosave (incl. sublevels) for '/Temp/Untitled_1' took 0.048
[2017.06.14-20.08.43:112][736]LogFileHelpers: Editor autosave (incl. sublevels) for all levels took 0.048
[2017.06.14-20.08.43:113][736]OBJ SavePackage: Generating thumbnails for [1] asset(s) in package [/Game/Blueprints/BP_Ball] ([1] browsable assets)...
[2017.06.14-20.08.43:125][736]OBJ SavePackage:     Rendered thumbnail for [Blueprint /Game/Blueprints/BP_Ball.BP_Ball]
[2017.06.14-20.08.43:125][736]OBJ SavePackage: Finished generating thumbnails for package [/Game/Blueprints/BP_Ball]
[2017.06.14-20.08.43:125][736]Cmd: OBJ SAVEPACKAGE PACKAGE="/Game/Blueprints/BP_Ball" FILE="C:/Users/antma/Documents/Unreal Projects/Pinball/Saved/Autosaves/Game/Blueprints/BP_Ball_Auto3.uasset" SILENT=false AUTOSAVING=true
[2017.06.14-20.08.43:152][736]LogSavePackage: Save=19.59ms
[2017.06.14-20.08.43:152][736]LogSavePackage: Moving 'C:/Users/antma/Documents/Unreal Projects/Pinball/Saved/BP_Ball_Auto38EE9FCF24E7DA8C5A7E491807F6F4D17.tmp' to 'C:/Users/antma/Documents/Unreal Projects/Pinball/Saved/Autosaves/Game/Blueprints/BP_Ball_Auto3.uasset'
[2017.06.14-20.08.43:153][736]LogSavePackage:Display: Finished SavePackage C:/Users/antma/Documents/Unreal Projects/Pinball/Saved/Autosaves/Game/Blueprints/BP_Ball_Auto3.uasset
[2017.06.14-20.08.43:153][736]LogFileHelpers: Auto-saving content packages took 0.040
[2017.06.14-20.18.45:237][489]BlueprintLog: New page: Compile BP_Ball
[2017.06.14-20.19.11:496][716]Cmd: OBJ SAVEPACKAGE PACKAGE="/Temp/Untitled_1" FILE="C:/Users/antma/Documents/Unreal Projects/Pinball/Saved/Autosaves/Temp/Untitled_1_Auto4.umap" SILENT=true AUTOSAVING=true KEEPDIRTY=false
[2017.06.14-20.19.11:524][716]LogSavePackage: Save=28.64ms
[2017.06.14-20.19.11:524][716]LogSavePackage: Moving 'C:/Users/antma/Documents/Unreal Projects/Pinball/Saved/Untitled_1_Auto4013EE4034C7E357F21F8E5A026AF1B0C.tmp' to 'C:/Users/antma/Documents/Unreal Projects/Pinball/Saved/Autosaves/Temp/Untitled_1_Auto4.umap'
[2017.06.14-20.19.11:532][716]LogSavePackage:Display: Finished SavePackage C:/Users/antma/Documents/Unreal Projects/Pinball/Saved/Autosaves/Temp/Untitled_1_Auto4.umap
[2017.06.14-20.19.11:533][716]LogFileHelpers: Editor autosave (incl. sublevels) for '/Temp/Untitled_1' took 0.053
[2017.06.14-20.19.11:533][716]LogFileHelpers: Editor autosave (incl. sublevels) for all levels took 0.053
[2017.06.14-20.19.11:535][716]OBJ SavePackage: Generating thumbnails for [1] asset(s) in package [/Game/Blueprints/BP_Ball] ([1] browsable assets)...
[2017.06.14-20.19.11:552][716]OBJ SavePackage:     Rendered thumbnail for [Blueprint /Game/Blueprints/BP_Ball.BP_Ball]
[2017.06.14-20.19.11:552][716]OBJ SavePackage: Finished generating thumbnails for package [/Game/Blueprints/BP_Ball]
[2017.06.14-20.19.11:552][716]Cmd: OBJ SAVEPACKAGE PACKAGE="/Game/Blueprints/BP_Ball" FILE="C:/Users/antma/Documents/Unreal Projects/Pinball/Saved/Autosaves/Game/Blueprints/BP_Ball_Auto4.uasset" SILENT=false AUTOSAVING=true
[2017.06.14-20.19.11:607][716]LogSavePackage: Save=48.22ms
[2017.06.14-20.19.11:607][716]LogSavePackage: Moving 'C:/Users/antma/Documents/Unreal Projects/Pinball/Saved/BP_Ball_Auto4268AC6F14F55030741EA2AB0CC1D80B0.tmp' to 'C:/Users/antma/Documents/Unreal Projects/Pinball/Saved/Autosaves/Game/Blueprints/BP_Ball_Auto4.uasset'
[2017.06.14-20.19.11:608][716]LogSavePackage:Display: Finished SavePackage C:/Users/antma/Documents/Unreal Projects/Pinball/Saved/Autosaves/Game/Blueprints/BP_Ball_Auto4.uasset
[2017.06.14-20.19.11:608][716]LogFileHelpers: Auto-saving content packages took 0.073
[2017.06.14-20.20.23:740][666]BlueprintLog: New page: Compile BP_Ball
[2017.06.14-20.20.26:193][946]Cmd: OBJ SAVEPACKAGE PACKAGE="/Game/Blueprints/BP_Ball" FILE="C:/Users/antma/Documents/Unreal Projects/Pinball/Content/Blueprints/BP_Ball.uasset" SILENT=true
[2017.06.14-20.20.26:217][946]LogSavePackage: Save=22.21ms
[2017.06.14-20.20.26:217][946]LogSavePackage: Moving 'C:/Users/antma/Documents/Unreal Projects/Pinball/Saved/BP_Ball9CF5A66E491617452A1F8FA67A12B08D.tmp' to 'C:/Users/antma/Documents/Unreal Projects/Pinball/Content/Blueprints/BP_Ball.uasset'
[2017.06.14-20.20.26:256][946]LogSavePackage:Display: Finished SavePackage C:/Users/antma/Documents/Unreal Projects/Pinball/Content/Blueprints/BP_Ball.uasset
[2017.06.14-20.20.28:926][260]LogTemp: Repeting last play command: Selected Viewport
[2017.06.14-20.20.28:933][260]LogPlayLevel: PlayLevel: No blueprints needed recompiling
[2017.06.14-20.20.28:933][260]PIE: New page: PIE session: Untitled_1 (Jun 14, 2017, 6:20:28 AM)
[2017.06.14-20.20.28:933][260]LogPlayLevel: Creating play world package: /Temp/UEDPIE_0_Untitled_1
[2017.06.14-20.20.28:935][260]LogPlayLevel: PIE: StaticDuplicateObject took: (0.001489s)
[2017.06.14-20.20.28:935][260]LogAIModule: Creating AISystem for world Untitled_1
[2017.06.14-20.20.28:936][260]LogPlayLevel: PIE: World Init took: (0.000930s)
[2017.06.14-20.20.28:936][260]LogPlayLevel: PIE: Created PIE world by copying editor world from /Temp/Untitled_1.Untitled_1 to /Temp/UEDPIE_0_Untitled_1.Untitled_1 (0.002606s)
[2017.06.14-20.20.28:955][260]LogInit: XAudio2 using 'Speakers (High Definition Audio Device)' : 2 channels at 44.1 kHz using 16 bits per sample (channel mask 0x3)
[2017.06.14-20.20.28:961][260]LogInit: FAudioDevice initialized.
[2017.06.14-20.20.28:991][260]LogLoad: Game class is 'GameModeBase'
[2017.06.14-20.20.28:994][260]LogWorld: Bringing World /Temp/UEDPIE_0_Untitled_1.Untitled_1 up for play (max tick rate 0) at 2017.06.14-13.20.28
[2017.06.14-20.20.28:994][260]LogWorld: Bringing up level for play took: 0.001388
[2017.06.14-20.20.28:995][260]PIE: Info Play in editor start time for /Temp/UEDPIE_0_Untitled_1 0.789
[2017.06.14-20.20.44:584][ 79]LogTemp: Repeting last play command: Selected Viewport
[2017.06.14-20.20.44:591][ 79]LogPlayLevel: PlayLevel: No blueprints needed recompiling
[2017.06.14-20.20.44:591][ 79]PIE: New page: PIE session: Untitled_1 (Jun 14, 2017, 6:20:44 AM)
[2017.06.14-20.20.44:591][ 79]LogPlayLevel: Creating play world package: /Temp/UEDPIE_0_Untitled_1
[2017.06.14-20.20.44:593][ 79]LogPlayLevel: PIE: StaticDuplicateObject took: (0.001374s)
[2017.06.14-20.20.44:593][ 79]LogAIModule: Creating AISystem for world Untitled_1
[2017.06.14-20.20.44:593][ 79]LogPlayLevel: PIE: World Init took: (0.000626s)
[2017.06.14-20.20.44:593][ 79]LogPlayLevel: PIE: Created PIE world by copying editor world from /Temp/Untitled_1.Untitled_1 to /Temp/UEDPIE_0_Untitled_1.Untitled_1 (0.002173s)
[2017.06.14-20.20.44:612][ 79]LogInit: XAudio2 using 'Speakers (High Definition Audio Device)' : 2 channels at 44.1 kHz using 16 bits per sample (channel mask 0x3)
[2017.06.14-20.20.44:618][ 79]LogInit: FAudioDevice initialized.
[2017.06.14-20.20.44:649][ 79]LogLoad: Game class is 'GameModeBase'
[2017.06.14-20.20.44:651][ 79]LogWorld: Bringing World /Temp/UEDPIE_0_Untitled_1.Untitled_1 up for play (max tick rate 0) at 2017.06.14-13.20.44
[2017.06.14-20.20.44:652][ 79]LogWorld: Bringing up level for play took: 0.001093
[2017.06.14-20.20.44:652][ 79]PIE: Info Play in editor start time for /Temp/UEDPIE_0_Untitled_1 0.447
[2017.06.14-20.20.57:909][629]LogTemp: Repeting last play command: Selected Viewport
[2017.06.14-20.20.57:915][629]LogPlayLevel: PlayLevel: No blueprints needed recompiling
[2017.06.14-20.20.57:915][629]PIE: New page: PIE session: Untitled_1 (Jun 14, 2017, 6:20:57 AM)
[2017.06.14-20.20.57:915][629]LogPlayLevel: Creating play world package: /Temp/UEDPIE_0_Untitled_1
[2017.06.14-20.20.57:916][629]LogPlayLevel: PIE: StaticDuplicateObject took: (0.001429s)
[2017.06.14-20.20.57:917][629]LogAIModule: Creating AISystem for world Untitled_1
[2017.06.14-20.20.57:917][629]LogPlayLevel: PIE: World Init took: (0.000735s)
[2017.06.14-20.20.57:917][629]LogPlayLevel: PIE: Created PIE world by copying editor world from /Temp/Untitled_1.Untitled_1 to /Temp/UEDPIE_0_Untitled_1.Untitled_1 (0.002410s)
[2017.06.14-20.20.57:936][629]LogInit: XAudio2 using 'Speakers (High Definition Audio Device)' : 2 channels at 44.1 kHz using 16 bits per sample (channel mask 0x3)
[2017.06.14-20.20.57:942][629]LogInit: FAudioDevice initialized.
[2017.06.14-20.20.57:970][629]LogLoad: Game class is 'GameModeBase'
[2017.06.14-20.20.57:972][629]LogWorld: Bringing World /Temp/UEDPIE_0_Untitled_1.Untitled_1 up for play (max tick rate 0) at 2017.06.14-13.20.57
[2017.06.14-20.20.57:972][629]LogWorld: Bringing up level for play took: 0.000772
[2017.06.14-20.20.57:973][629]PIE: Info Play in editor start time for /Temp/UEDPIE_0_Untitled_1 -0.232
[2017.06.14-20.29.22:650][598]Cmd: OBJ SAVEPACKAGE PACKAGE="/Temp/Untitled_1" FILE="C:/Users/antma/Documents/Unreal Projects/Pinball/Saved/Autosaves/Temp/Untitled_1_Auto5.umap" SILENT=true AUTOSAVING=true KEEPDIRTY=false
[2017.06.14-20.29.22:680][598]LogSavePackage: Save=29.58ms
[2017.06.14-20.29.22:680][598]LogSavePackage: Moving 'C:/Users/antma/Documents/Unreal Projects/Pinball/Saved/Untitled_1_Auto58E58652F4EC833169D27F68B5F28407A.tmp' to 'C:/Users/antma/Documents/Unreal Projects/Pinball/Saved/Autosaves/Temp/Untitled_1_Auto5.umap'
[2017.06.14-20.29.22:681][598]LogSavePackage:Display: Finished SavePackage C:/Users/antma/Documents/Unreal Projects/Pinball/Saved/Autosaves/Temp/Untitled_1_Auto5.umap
[2017.06.14-20.29.22:682][598]LogFileHelpers: Editor autosave (incl. sublevels) for '/Temp/Untitled_1' took 0.050
[2017.06.14-20.29.22:682][598]LogFileHelpers: Editor autosave (incl. sublevels) for all levels took 0.050
[2017.06.14-20.58.03:008][618]Cmd: OBJ SAVEPACKAGE PACKAGE="/Game/Levels/Level1" FILE="C:/Users/antma/Documents/Unreal Projects/Pinball/Content/Levels/Level1.umap" SILENT=true AUTOSAVING=false KEEPDIRTY=false
[2017.06.14-20.58.03:066][618]LogSavePackage: Save=37.88ms
[2017.06.14-20.58.03:066][618]LogSavePackage: Moving 'C:/Users/antma/Documents/Unreal Projects/Pinball/Saved/Level19EDD0FD64E579F44DE5E3CB38DD0895C.tmp' to 'C:/Users/antma/Documents/Unreal Projects/Pinball/Content/Levels/Level1.umap'
[2017.06.14-20.58.03:068][618]LogSavePackage:Display: Finished SavePackage C:/Users/antma/Documents/Unreal Projects/Pinball/Content/Levels/Level1.umap
[2017.06.14-20.58.03:087][618]LogFileHelpers: Saving map 'Level1' took 2.013
